<?xml version="1.0" encoding="UTF-8"?>
<!-- Generated by org.testng.reporters.JUnitReportReporter -->
<testsuite hostname="FFE-Gayatri" failures="0" tests="3" name="testngframework.test1" time="26.608" errors="0" timestamp="2024-06-06T16:58:09 IST" skipped="0">
  <testcase classname="testngframework.test1" name="submitOrder" time="10.206"/>
  <testcase classname="testngframework.test1" name="submitOrder" time="9.226"/>
  <testcase classname="testngframework.test1" name="orderspage" time="7.176"/>
</testsuite> <!-- testngframework.test1 -->
