<?xml version="1.0" encoding="UTF-8"?>
<!-- Generated by org.testng.reporters.JUnitReportReporter -->
<testsuite hostname="FFE-Gayatri" failures="0" tests="1" name="testngframework.test3" time="8.043" errors="0" timestamp="2024-06-06T10:45:55 IST" skipped="0">
  <testcase classname="testngframework.test3" name="error" time="8.043"/>
</testsuite> <!-- testngframework.test3 -->
