<?xml version="1.0" encoding="UTF-8"?>
<!-- Generated by org.testng.reporters.JUnitReportReporter -->
<testsuite hostname="FFE-Gayatri" failures="0" tests="1" name="cucumber.testngrunnerforcucumber" time="17.544" errors="0" timestamp="2025-03-19T11:16:12 IST" skipped="0">
  <testcase classname="cucumber.testngrunnerforcucumber" name="runScenario" time="17.544"/>
</testsuite> <!-- cucumber.testngrunnerforcucumber -->
