<?xml version="1.0" encoding="UTF-8"?>
<!-- Generated by org.testng.reporters.JUnitReportReporter -->
<testsuite hostname="FFE-Gayatri" failures="0" tests="2" name="frameworkexample.copy.standalonetest1" time="62.880" errors="0" timestamp="2025-03-18T10:19:47 IST" skipped="0">
  <testcase classname="frameworkexample.copy.standalonetest1" name="orderHistory" time="14.797"/>
  <testcase classname="frameworkexample.copy.standalonetest1" name="submitorder" time="48.083"/>
</testsuite> <!-- frameworkexample.copy.standalonetest1 -->
